<?xml version="1.0" encoding="UTF-8"?>
<robot generator="Robot 3.1.2 (Python 3.7.4 on win32)" generated="20200317 13:30:04.247" rpa="false">
<suite id="s1" name="UI" source="D:\Programming\Application Security\coe-application-security\TestCases\Example\UI.robot">
<test id="s1-t1" name="TC_001 Browser Start and Open URL">
<kw name="Start Browser and Maximize" library="Methods">
<kw name="Open Browser" library="SeleniumLibrary">
<doc>Opens a new browser instance to the optional ``url``.</doc>
<arguments>
<arg>${URL}</arg>
<arg>${Browser}</arg>
</arguments>
<msg timestamp="20200317 13:30:04.504" level="INFO">Opening browser 'Firefox' to base url 'http://thetestingworld.com/testings'.</msg>
<msg timestamp="20200317 13:30:04.505" level="INFO">Firefox driver log is always forced to to: D:\Programming\Application Security\coe-application-security\TestCases\Example\geckodriver-2.log</msg>
<status status="PASS" starttime="20200317 13:30:04.504" endtime="20200317 13:30:39.078"></status>
</kw>
<kw name="Maximize Browser Window" library="SeleniumLibrary">
<doc>Maximizes current browser window.</doc>
<status status="PASS" starttime="20200317 13:30:39.079" endtime="20200317 13:30:39.082"></status>
</kw>
<kw name="Get Title" library="SeleniumLibrary">
<doc>Returns the title of the current page.</doc>
<assign>
<var>${Title}</var>
</assign>
<msg timestamp="20200317 13:30:39.085" level="INFO">${Title} = Login &amp; Sign Up Forms</msg>
<status status="PASS" starttime="20200317 13:30:39.082" endtime="20200317 13:30:39.085"></status>
</kw>
<kw name="Log" library="BuiltIn">
<doc>Logs the given message with the given level.</doc>
<arguments>
<arg>${Title}</arg>
</arguments>
<msg timestamp="20200317 13:30:39.086" level="INFO">Login &amp; Sign Up Forms</msg>
<status status="PASS" starttime="20200317 13:30:39.085" endtime="20200317 13:30:39.086"></status>
</kw>
<status status="PASS" starttime="20200317 13:30:04.503" endtime="20200317 13:30:39.086"></status>
</kw>
<status status="PASS" starttime="20200317 13:30:04.503" endtime="20200317 13:30:39.087" critical="yes"></status>
</test>
<test id="s1-t2" name="TC_002 Insert Data In Text Feild">
<kw name="Enter Username Password Email" library="Methods">
<arguments>
<arg>Testing</arg>
<arg>testingworld@gmail.com</arg>
<arg>Abc@1234</arg>
</arguments>
<kw name="Input Text" library="SeleniumLibrary">
<doc>Types the given ``text`` into the text field identified by ``locator``.</doc>
<arguments>
<arg>name:fld_username</arg>
<arg>${username}</arg>
</arguments>
<msg timestamp="20200317 13:30:39.091" level="INFO">Typing text 'Testing' into text field 'name:fld_username'.</msg>
<status status="PASS" starttime="20200317 13:30:39.091" endtime="20200317 13:30:39.141"></status>
</kw>
<kw name="Input Text" library="SeleniumLibrary">
<doc>Types the given ``text`` into the text field identified by ``locator``.</doc>
<arguments>
<arg>xpath://input[@name='fld_email']</arg>
<arg>${email}</arg>
</arguments>
<msg timestamp="20200317 13:30:39.142" level="INFO">Typing text 'testingworld@gmail.com' into text field 'xpath://input[@name='fld_email']'.</msg>
<status status="PASS" starttime="20200317 13:30:39.141" endtime="20200317 13:30:39.197"></status>
</kw>
<kw name="Input Text" library="SeleniumLibrary">
<doc>Types the given ``text`` into the text field identified by ``locator``.</doc>
<arguments>
<arg>name:fld_password</arg>
<arg>${password}</arg>
</arguments>
<msg timestamp="20200317 13:30:39.197" level="INFO">Typing text 'Abc@1234' into text field 'name:fld_password'.</msg>
<status status="PASS" starttime="20200317 13:30:39.197" endtime="20200317 13:30:39.230"></status>
</kw>
<status status="PASS" starttime="20200317 13:30:39.090" endtime="20200317 13:30:39.230"></status>
</kw>
<status status="PASS" starttime="20200317 13:30:39.089" endtime="20200317 13:30:39.230" critical="yes"></status>
</test>
<test id="s1-t3" name="TC_003 Clear Data From Text Feild">
<kw name="Clear Element Text" library="SeleniumLibrary">
<doc>Clears the value of the text-input-element identified by ``locator``.</doc>
<arguments>
<arg>name:fld_username</arg>
</arguments>
<status status="PASS" starttime="20200317 13:30:39.232" endtime="20200317 13:30:39.248"></status>
</kw>
<status status="PASS" starttime="20200317 13:30:39.231" endtime="20200317 13:30:39.248" critical="yes"></status>
</test>
<test id="s1-t4" name="TC_004 Select Radio Button">
<kw name="Select Radio Button" library="SeleniumLibrary">
<doc>Sets the radio button group ``group_name`` to ``value``.</doc>
<arguments>
<arg>add_type</arg>
<arg>office</arg>
</arguments>
<msg timestamp="20200317 13:30:39.250" level="INFO">Selecting 'office' from radio button 'add_type'.</msg>
<status status="PASS" starttime="20200317 13:30:39.250" endtime="20200317 13:30:39.483"></status>
</kw>
<status status="PASS" starttime="20200317 13:30:39.249" endtime="20200317 13:30:39.485" critical="yes"></status>
</test>
<test id="s1-t5" name="TC_005 Select CheckBox">
<kw name="Select Checkbox" library="SeleniumLibrary">
<doc>Selects the checkbox identified by ``locator``.</doc>
<arguments>
<arg>name:terms</arg>
</arguments>
<msg timestamp="20200317 13:30:39.501" level="INFO">Selecting checkbox 'name:terms'.</msg>
<status status="PASS" starttime="20200317 13:30:39.500" endtime="20200317 13:30:39.770"></status>
</kw>
<status status="PASS" starttime="20200317 13:30:39.494" endtime="20200317 13:30:39.773" critical="yes"></status>
</test>
<test id="s1-t6" name="TC_006 Click On Button">
<kw name="Click Button" library="SeleniumLibrary">
<doc>Clicks the button identified by ``locator``.</doc>
<arguments>
<arg>xpath://input[@type='submit']</arg>
</arguments>
<msg timestamp="20200317 13:30:39.785" level="INFO">Clicking button 'xpath://input[@type='submit']'.</msg>
<status status="PASS" starttime="20200317 13:30:39.784" endtime="20200317 13:30:40.057"></status>
</kw>
<status status="PASS" starttime="20200317 13:30:39.780" endtime="20200317 13:30:40.059" critical="yes"></status>
</test>
<test id="s1-t7" name="TC_007 Click On Link">
<kw name="Click Link" library="SeleniumLibrary">
<doc>Clicks a link identified by ``locator``.</doc>
<arguments>
<arg>xpath://a[text()='Read Detail']</arg>
</arguments>
<msg timestamp="20200317 13:30:40.066" level="INFO">Clicking link 'xpath://a[text()='Read Detail']'.</msg>
<status status="PASS" starttime="20200317 13:30:40.065" endtime="20200317 13:30:40.316"></status>
</kw>
<kw name="Close Browser Window" library="Methods" type="teardown">
<kw name="Get Title" library="SeleniumLibrary">
<doc>Returns the title of the current page.</doc>
<assign>
<var>${ClosingWindowTitle}</var>
</assign>
<msg timestamp="20200317 13:30:40.339" level="INFO">${ClosingWindowTitle} = Login &amp; Sign Up Forms</msg>
<status status="PASS" starttime="20200317 13:30:40.320" endtime="20200317 13:30:40.339"></status>
</kw>
<kw name="Log" library="BuiltIn">
<doc>Logs the given message with the given level.</doc>
<arguments>
<arg>${ClosingWindowTitle}</arg>
</arguments>
<msg timestamp="20200317 13:30:40.342" level="INFO">Login &amp; Sign Up Forms</msg>
<status status="PASS" starttime="20200317 13:30:40.340" endtime="20200317 13:30:40.343"></status>
</kw>
<kw name="Close Browser" library="SeleniumLibrary">
<doc>Closes the current browser.</doc>
<status status="PASS" starttime="20200317 13:30:40.344" endtime="20200317 13:30:41.377"></status>
</kw>
<status status="PASS" starttime="20200317 13:30:40.318" endtime="20200317 13:30:41.377"></status>
</kw>
<status status="PASS" starttime="20200317 13:30:40.064" endtime="20200317 13:30:41.377" critical="yes"></status>
</test>
<test id="s1-t8" name="TC_009 Create Folder">
<kw name="Create folder at Runtime" library="Methods">
<arguments>
<arg>Hacking</arg>
<arg>Subhacking</arg>
</arguments>
<kw name="create_folder">
<arguments>
<arg>${foldername}</arg>
</arguments>
<msg timestamp="20200317 13:30:41.383" level="FAIL">No keyword with name 'create_folder' found.</msg>
<status status="FAIL" starttime="20200317 13:30:41.383" endtime="20200317 13:30:41.383"></status>
</kw>
<status status="FAIL" starttime="20200317 13:30:41.379" endtime="20200317 13:30:41.384"></status>
</kw>
<status status="FAIL" starttime="20200317 13:30:41.379" endtime="20200317 13:30:41.384" critical="yes">No keyword with name 'create_folder' found.</status>
</test>
<test id="s1-t9" name="TC_010 Concatenation of Values">
<kw name="Concatenation of two values" library="Methods">
<arguments>
<arg>Testing</arg>
<arg>World</arg>
</arguments>
<kw name="concatenate_two_values">
<arguments>
<arg>${username}</arg>
<arg>${password}</arg>
</arguments>
<assign>
<var>${resultvalue}=</var>
</assign>
<msg timestamp="20200317 13:30:41.390" level="FAIL">No keyword with name 'concatenate_two_values' found. Did you mean:
    Methods.Concatenation Of Two Values</msg>
<status status="FAIL" starttime="20200317 13:30:41.390" endtime="20200317 13:30:41.390"></status>
</kw>
<status status="FAIL" starttime="20200317 13:30:41.386" endtime="20200317 13:30:41.390"></status>
</kw>
<status status="FAIL" starttime="20200317 13:30:41.385" endtime="20200317 13:30:41.391" critical="yes">No keyword with name 'concatenate_two_values' found. Did you mean:
    Methods.Concatenation Of Two Values</status>
</test>
<status status="FAIL" starttime="20200317 13:30:04.249" endtime="20200317 13:30:41.393"></status>
</suite>
<statistics>
<total>
<stat pass="7" fail="2">Critical Tests</stat>
<stat pass="7" fail="2">All Tests</stat>
</total>
<tag>
</tag>
<suite>
<stat pass="7" fail="2" id="s1" name="UI">UI</stat>
</suite>
</statistics>
<errors>
<msg timestamp="20200317 13:30:04.270" level="ERROR">Error in file 'D:\Programming\Application Security\coe-application-security\TestCases\Example\UI.robot': Test library 'MethodFiles\Mathematics.py' does not exist.</msg>
<msg timestamp="20200317 13:30:04.272" level="ERROR">Error in file 'D:\Programming\Application Security\coe-application-security\TestCases\Example\UI.robot': Test library 'MethodFiles\OS.py' does not exist.</msg>
<msg timestamp="20200317 13:30:04.498" level="ERROR">Error in file 'D:\Programming\Application Security\coe-application-security\TestCases\Example\Methods.robot': Test library 'MethodFiles\Mathematics.py' does not exist.</msg>
<msg timestamp="20200317 13:30:04.500" level="ERROR">Error in file 'D:\Programming\Application Security\coe-application-security\TestCases\Example\Methods.robot': Test library 'MethodFiles\OS.py' does not exist.</msg>
</errors>
</robot>
